Arguments: 
  /home/jordan/.nvm/versions/node/v16.13.1/bin/node /home/jordan/.nvm/versions/node/v16.13.1/bin/yarn add webpack webpack-cli

PATH: 
  /home/jordan/.rbenv/versions/3.1.2/lib/ruby/gems/3.1.0/bin:/home/jordan/.rbenv/versions/3.1.2/bin:/home/jordan/.rbenv/libexec:/home/jordan/.rbenv/plugins/ruby-build/bin:./bin:./node_modules/.bin:/home/jordan/.nvm/versions/node/v16.13.1/bin:/home/jordan/.rbenv/shims:/home/jordan/.rbenv/bin:/home/jordan/.pyenv/bin:/usr/local/sbin:/usr/local/bin:/usr/sbin:/usr/bin:/sbin:/bin:/usr/games:/usr/local/games:/usr/lib/wsl/lib:/mnt/c/Windows/system32:/mnt/c/Windows:/mnt/c/Windows/System32/Wbem:/mnt/c/Windows/System32/WindowsPowerShell/v1.0/:/mnt/c/Windows/System32/OpenSSH/:/mnt/c/Users/User/AppData/Local/Microsoft/WindowsApps:/mnt/c/Users/User/AppData/Local/Programs/Microsoft VS Code/bin

Yarn version: 
  1.22.19

Node version: 
  16.13.1

Platform: 
  linux x64

Trace: 
  Error: https://registry.yarnpkg.com/@types/eslint/-/eslint-8.4.6.tgz: Request failed "503 Service Unavailable"
      at ResponseError.ExtendableBuiltin (/home/jordan/.nvm/versions/node/v16.13.1/lib/node_modules/yarn/lib/cli.js:696:66)
      at new ResponseError (/home/jordan/.nvm/versions/node/v16.13.1/lib/node_modules/yarn/lib/cli.js:802:124)
      at Request.<anonymous> (/home/jordan/.nvm/versions/node/v16.13.1/lib/node_modules/yarn/lib/cli.js:66215:16)
      at Request.emit (node:events:390:28)
      at Request.module.exports.Request.onRequestResponse (/home/jordan/.nvm/versions/node/v16.13.1/lib/node_modules/yarn/lib/cli.js:141767:10)
      at ClientRequest.emit (node:events:390:28)
      at HTTPParser.parserOnIncomingClient (node:_http_client:623:27)
      at HTTPParser.parserOnHeadersComplete (node:_http_common:128:17)
      at TLSSocket.socketOnData (node:_http_client:487:22)
      at TLSSocket.emit (node:events:390:28)

npm manifest: 
  {
    "name": "app",
    "private": "true"
  }

yarn manifest: 
  No manifest

Lockfile: 
  No lockfile
